2019-03-10 15:35:38,035 kodtodya my-first-quarkus-project-dev.jar[10767] INFO  [io.qua.dep.QuarkusAugmentor] (main) Beginning quarkus augmentation
2019-03-10 15:35:38,135 kodtodya my-first-quarkus-project-dev.jar[10767] DEBUG [org.jbo.threads] (main) JBoss Threads version 3.0.0.Alpha4
2019-03-10 15:35:38,356 kodtodya my-first-quarkus-project-dev.jar[10767] INFO  [io.qua.arc.pro.BeanProcessor] (build-2) Found unrecommended usage of private members (use package-private instead) in application beans:
	- @Inject field com.kodtodya.practice.resource.PallindromeResource#service
2019-03-10 15:35:38,437 kodtodya my-first-quarkus-project-dev.jar[10767] INFO  [io.qua.dep.QuarkusAugmentor] (main) Quarkus augmentation completed in 402ms
2019-03-10 15:35:38,591 kodtodya my-first-quarkus-project-dev.jar[10767] DEBUG [org.xnio] (main) XNIO version 3.6.5.Final
2019-03-10 15:35:38,597 kodtodya my-first-quarkus-project-dev.jar[10767] DEBUG [org.xni.nio] (main) XNIO NIO Implementation Version 3.6.5.Final
2019-03-10 15:35:38,655 kodtodya my-first-quarkus-project-dev.jar[10767] INFO  [io.quarkus] (main) Quarkus 0.11.0 started in 0.715s. Listening on: http://127.0.0.1:8080
2019-03-10 15:35:38,655 kodtodya my-first-quarkus-project-dev.jar[10767] INFO  [io.quarkus] (main) Installed features: [cdi, resteasy]
2019-03-10 15:39:33,659 kodtodya my-first-quarkus-project-dev.jar[10767] INFO  [io.quarkus] (Quarkus Shutdown Thread) Quarkus stopped in 0.006s
2019-03-10 21:53:05,314 kodtodya my-first-quarkus-project-dev.jar[22871] INFO  [io.qua.dep.QuarkusAugmentor] (main) Beginning quarkus augmentation
2019-03-10 21:53:05,407 kodtodya my-first-quarkus-project-dev.jar[22871] DEBUG [org.jbo.threads] (main) JBoss Threads version 3.0.0.Alpha4
2019-03-10 21:53:05,629 kodtodya my-first-quarkus-project-dev.jar[22871] INFO  [io.qua.arc.pro.BeanProcessor] (build-10) Found unrecommended usage of private members (use package-private instead) in application beans:
	- @Inject field com.kodtodya.practice.resource.PallindromeResource#service
2019-03-10 21:53:05,744 kodtodya my-first-quarkus-project-dev.jar[22871] INFO  [io.qua.dep.QuarkusAugmentor] (main) Quarkus augmentation completed in 430ms
2019-03-10 21:53:05,886 kodtodya my-first-quarkus-project-dev.jar[22871] DEBUG [org.xnio] (main) XNIO version 3.6.5.Final
2019-03-10 21:53:05,893 kodtodya my-first-quarkus-project-dev.jar[22871] DEBUG [org.xni.nio] (main) XNIO NIO Implementation Version 3.6.5.Final
2019-03-10 21:53:05,935 kodtodya my-first-quarkus-project-dev.jar[22871] INFO  [io.quarkus] (main) Quarkus 0.11.0 started in 0.783s. Listening on: http://127.0.0.1:8080
2019-03-10 21:53:05,935 kodtodya my-first-quarkus-project-dev.jar[22871] INFO  [io.quarkus] (main) Installed features: [cdi, resteasy]
2019-03-10 22:01:28,653 kodtodya my-first-quarkus-project-dev.jar[22871] ERROR [io.und.request] (XNIO-1 task-1) UT005023: Exception handling request to /kodtodya-ops/check/pallindrome: org.jboss.resteasy.spi.UnhandledException: java.lang.NullPointerException
	at org.jboss.resteasy.core.ExceptionHandler.handleApplicationException(ExceptionHandler.java:103)
	at org.jboss.resteasy.core.ExceptionHandler.handleException(ExceptionHandler.java:323)
	at org.jboss.resteasy.core.SynchronousDispatcher.writeException(SynchronousDispatcher.java:209)
	at org.jboss.resteasy.core.SynchronousDispatcher.invoke(SynchronousDispatcher.java:495)
	at org.jboss.resteasy.core.SynchronousDispatcher.lambda$invoke$4(SynchronousDispatcher.java:252)
	at org.jboss.resteasy.core.SynchronousDispatcher.lambda$preprocess$0(SynchronousDispatcher.java:153)
	at org.jboss.resteasy.core.interception.jaxrs.PreMatchContainerRequestContext.filter(PreMatchContainerRequestContext.java:362)
	at org.jboss.resteasy.core.SynchronousDispatcher.preprocess(SynchronousDispatcher.java:156)
	at org.jboss.resteasy.core.SynchronousDispatcher.invoke(SynchronousDispatcher.java:238)
	at org.jboss.resteasy.plugins.server.servlet.ServletContainerDispatcher.service(ServletContainerDispatcher.java:229)
	at io.quarkus.resteasy.runtime.ResteasyFilter$ResteasyResponseWrapper.sendError(ResteasyFilter.java:72)
	at io.undertow.servlet.handlers.DefaultServlet.doGet(DefaultServlet.java:173)
	at javax.servlet.http.HttpServlet.service(HttpServlet.java:686)
	at javax.servlet.http.HttpServlet.service(HttpServlet.java:791)
	at io.undertow.servlet.handlers.ServletHandler.handleRequest(ServletHandler.java:74)
	at io.undertow.servlet.handlers.FilterHandler$FilterChainImpl.doFilter(FilterHandler.java:129)
	at io.quarkus.resteasy.runtime.ResteasyFilter.doFilter(ResteasyFilter.java:43)
	at io.undertow.servlet.core.ManagedFilter.doFilter(ManagedFilter.java:61)
	at io.undertow.servlet.handlers.FilterHandler$FilterChainImpl.doFilter(FilterHandler.java:131)
	at io.undertow.servlet.handlers.FilterHandler.handleRequest(FilterHandler.java:84)
	at io.undertow.servlet.handlers.security.ServletSecurityRoleHandler.handleRequest(ServletSecurityRoleHandler.java:62)
	at io.undertow.servlet.handlers.ServletChain$1.handleRequest(ServletChain.java:68)
	at io.undertow.servlet.handlers.ServletDispatchingHandler.handleRequest(ServletDispatchingHandler.java:36)
	at io.undertow.servlet.handlers.security.SSLInformationAssociationHandler.handleRequest(SSLInformationAssociationHandler.java:132)
	at io.undertow.servlet.handlers.security.ServletAuthenticationCallHandler.handleRequest(ServletAuthenticationCallHandler.java:57)
	at io.undertow.server.handlers.PredicateHandler.handleRequest(PredicateHandler.java:43)
	at io.undertow.security.handlers.AbstractConfidentialityHandler.handleRequest(AbstractConfidentialityHandler.java:46)
	at io.undertow.servlet.handlers.security.ServletConfidentialityConstraintHandler.handleRequest(ServletConfidentialityConstraintHandler.java:64)
	at io.undertow.security.handlers.AuthenticationMechanismsHandler.handleRequest(AuthenticationMechanismsHandler.java:60)
	at io.undertow.servlet.handlers.security.CachedAuthenticatedSessionHandler.handleRequest(CachedAuthenticatedSessionHandler.java:77)
	at io.undertow.security.handlers.AbstractSecurityContextAssociationHandler.handleRequest(AbstractSecurityContextAssociationHandler.java:43)
	at io.undertow.server.handlers.PredicateHandler.handleRequest(PredicateHandler.java:43)
	at io.undertow.server.handlers.PredicateHandler.handleRequest(PredicateHandler.java:43)
	at io.undertow.servlet.handlers.ServletInitialHandler.handleFirstRequest(ServletInitialHandler.java:292)
	at io.undertow.servlet.handlers.ServletInitialHandler.access$100(ServletInitialHandler.java:81)
	at io.undertow.servlet.handlers.ServletInitialHandler$2.call(ServletInitialHandler.java:138)
	at io.undertow.servlet.handlers.ServletInitialHandler$2.call(ServletInitialHandler.java:135)
	at io.undertow.servlet.core.ServletRequestContextThreadSetupAction$1.call(ServletRequestContextThreadSetupAction.java:48)
	at io.undertow.servlet.core.ContextClassLoaderSetupAction$1.call(ContextClassLoaderSetupAction.java:43)
	at io.quarkus.undertow.runtime.UndertowDeploymentTemplate$7$1$1.call(UndertowDeploymentTemplate.java:415)
	at io.undertow.servlet.handlers.ServletInitialHandler.dispatchRequest(ServletInitialHandler.java:272)
	at io.undertow.servlet.handlers.ServletInitialHandler.handleRequest(ServletInitialHandler.java:197)
	at io.undertow.server.handlers.HttpContinueReadHandler.handleRequest(HttpContinueReadHandler.java:65)
	at io.quarkus.undertow.runtime.UndertowDeploymentTemplate$1.handleRequest(UndertowDeploymentTemplate.java:88)
	at io.undertow.server.handlers.CanonicalPathHandler.handleRequest(CanonicalPathHandler.java:49)
	at io.quarkus.undertow.deployment.devmode.UndertowHotReplacementSetup.handleHotDeploymentRequest(UndertowHotReplacementSetup.java:64)
	at io.quarkus.undertow.deployment.devmode.UndertowHotReplacementSetup$1$1.handleRequest(UndertowHotReplacementSetup.java:35)
	at io.undertow.server.Connectors.executeRootHandler(Connectors.java:364)
	at io.undertow.server.HttpServerExchange$1.run(HttpServerExchange.java:830)
	at org.jboss.threads.ContextClassLoaderSavingRunnable.run(ContextClassLoaderSavingRunnable.java:35)
	at org.jboss.threads.EnhancedQueueExecutor.safeRun(EnhancedQueueExecutor.java:1998)
	at org.jboss.threads.EnhancedQueueExecutor$ThreadBody.doRunTask(EnhancedQueueExecutor.java:1525)
	at org.jboss.threads.EnhancedQueueExecutor$ThreadBody.run(EnhancedQueueExecutor.java:1416)
	at java.lang.Thread.run(Thread.java:748)
Caused by: java.lang.NullPointerException
	at com.kodtodya.practice.services.PallindromeService.isPallindrome(PallindromeService.java:10)
	at com.kodtodya.practice.services.PallindromeService_ClientProxy.isPallindrome(Unknown Source)
	at com.kodtodya.practice.resource.PallindromeResource.checkPallindrome(PallindromeResource.java:19)
	at sun.reflect.NativeMethodAccessorImpl.invoke0(Native Method)
	at sun.reflect.NativeMethodAccessorImpl.invoke(NativeMethodAccessorImpl.java:62)
	at sun.reflect.DelegatingMethodAccessorImpl.invoke(DelegatingMethodAccessorImpl.java:43)
	at java.lang.reflect.Method.invoke(Method.java:498)
	at org.jboss.resteasy.core.MethodInjectorImpl.invoke(MethodInjectorImpl.java:152)
	at org.jboss.resteasy.core.MethodInjectorImpl.lambda$invoke$3(MethodInjectorImpl.java:123)
	at java.util.concurrent.CompletableFuture.uniApply(CompletableFuture.java:602)
	at java.util.concurrent.CompletableFuture.uniApplyStage(CompletableFuture.java:614)
	at java.util.concurrent.CompletableFuture.thenApply(CompletableFuture.java:1983)
	at java.util.concurrent.CompletableFuture.thenApply(CompletableFuture.java:110)
	at org.jboss.resteasy.core.MethodInjectorImpl.invoke(MethodInjectorImpl.java:123)
	at org.jboss.resteasy.core.ResourceMethodInvoker.internalInvokeOnTarget(ResourceMethodInvoker.java:543)
	at org.jboss.resteasy.core.ResourceMethodInvoker.invokeOnTargetAfterFilter(ResourceMethodInvoker.java:418)
	at org.jboss.resteasy.core.ResourceMethodInvoker.lambda$invokeOnTarget$2(ResourceMethodInvoker.java:372)
	at org.jboss.resteasy.core.interception.jaxrs.PreMatchContainerRequestContext.filter(PreMatchContainerRequestContext.java:362)
	at org.jboss.resteasy.core.ResourceMethodInvoker.invokeOnTarget(ResourceMethodInvoker.java:374)
	at org.jboss.resteasy.core.ResourceMethodInvoker.invoke(ResourceMethodInvoker.java:343)
	at org.jboss.resteasy.core.ResourceMethodInvoker.lambda$invoke$1(ResourceMethodInvoker.java:317)
	at java.util.concurrent.CompletableFuture.uniComposeStage(CompletableFuture.java:981)
	at java.util.concurrent.CompletableFuture.thenCompose(CompletableFuture.java:2124)
	at java.util.concurrent.CompletableFuture.thenCompose(CompletableFuture.java:110)
	at org.jboss.resteasy.core.ResourceMethodInvoker.invoke(ResourceMethodInvoker.java:317)
	at org.jboss.resteasy.core.SynchronousDispatcher.invoke(SynchronousDispatcher.java:476)
	... 50 more

2019-03-10 22:01:54,819 kodtodya my-first-quarkus-project-dev.jar[22871] INFO  [io.quarkus] (Quarkus Shutdown Thread) Quarkus stopped in 0.006s
2019-03-10 22:01:58,986 kodtodya my-first-quarkus-project-dev.jar[24178] INFO  [io.qua.dep.QuarkusAugmentor] (main) Beginning quarkus augmentation
2019-03-10 22:01:59,069 kodtodya my-first-quarkus-project-dev.jar[24178] DEBUG [org.jbo.threads] (main) JBoss Threads version 3.0.0.Alpha4
2019-03-10 22:01:59,244 kodtodya my-first-quarkus-project-dev.jar[24178] INFO  [io.qua.arc.pro.BeanProcessor] (build-10) Found unrecommended usage of private members (use package-private instead) in application beans:
	- @Inject field com.kodtodya.practice.resource.PallindromeResource#service
2019-03-10 22:01:59,317 kodtodya my-first-quarkus-project-dev.jar[24178] INFO  [io.qua.dep.QuarkusAugmentor] (main) Quarkus augmentation completed in 331ms
2019-03-10 22:01:59,494 kodtodya my-first-quarkus-project-dev.jar[24178] DEBUG [org.xnio] (main) XNIO version 3.6.5.Final
2019-03-10 22:01:59,501 kodtodya my-first-quarkus-project-dev.jar[24178] DEBUG [org.xni.nio] (main) XNIO NIO Implementation Version 3.6.5.Final
2019-03-10 22:01:59,538 kodtodya my-first-quarkus-project-dev.jar[24178] INFO  [io.quarkus] (main) Quarkus 0.11.0 started in 0.644s. Listening on: http://127.0.0.1:8080
2019-03-10 22:01:59,539 kodtodya my-first-quarkus-project-dev.jar[24178] INFO  [io.quarkus] (main) Installed features: [cdi, resteasy]
2019-03-10 22:02:30,810 kodtodya my-first-quarkus-project-dev.jar[24178] INFO  [io.quarkus] (Quarkus Shutdown Thread) Quarkus stopped in 0.002s
